<?xml version="1.0" encoding="UTF-8"?>
<testng-results skipped="0" failed="1" ignored="0" total="9" passed="8">
  <reporter-output>
  </reporter-output>
  <suite name="Default suite" duration-ms="135479" started-at="2022-05-27T17:13:43 IST" finished-at="2022-05-27T17:15:58 IST">
    <groups>
      <group name="cucumber">
        <method signature="AbstractTestNGCucumberTests.runScenario(io.cucumber.testng.PickleWrapper,io.cucumber.testng.FeatureWrapper)[pri:0, instance:cucumberoptions.TestRunner@376b4233]" name="runScenario" class="io.cucumber.testng.AbstractTestNGCucumberTests"/>
      </group> <!-- cucumber -->
    </groups>
    <test name="Default test" duration-ms="135479" started-at="2022-05-27T17:13:43 IST" finished-at="2022-05-27T17:15:58 IST">
      <class name="cucumberoptions.TestRunner">
        <test-method status="PASS" signature="setUpClass(org.testng.ITestContext)[pri:0, instance:cucumberoptions.TestRunner@376b4233]" name="setUpClass" is-config="true" duration-ms="241" started-at="2022-05-27T17:13:43 IST" finished-at="2022-05-27T17:13:43 IST">
          <params>
            <param index="0">
              <value>
                <![CDATA[org.testng.TestRunner@18709cb2]]>
              </value>
            </param>
          </params>
          <reporter-output>
          </reporter-output>
        </test-method> <!-- setUpClass -->
        <test-method status="PASS" signature="runScenario(io.cucumber.testng.PickleWrapper,io.cucumber.testng.FeatureWrapper)[pri:0, instance:cucumberoptions.TestRunner@376b4233]" name="runScenario" duration-ms="16040" started-at="2022-05-27T17:13:43 IST" description="Runs Cucumber Scenarios" data-provider="scenarios" finished-at="2022-05-27T17:13:59 IST">
          <params>
            <param index="0">
              <value>
                <![CDATA["Sum of balance matches the total"]]>
              </value>
            </param>
            <param index="1">
              <value>
                <![CDATA["Account Overview"]]>
              </value>
            </param>
          </params>
          <reporter-output>
          </reporter-output>
        </test-method> <!-- runScenario -->
        <test-method status="PASS" signature="runScenario(io.cucumber.testng.PickleWrapper,io.cucumber.testng.FeatureWrapper)[pri:0, instance:cucumberoptions.TestRunner@376b4233]" name="runScenario" duration-ms="18052" started-at="2022-05-27T17:13:59 IST" description="Runs Cucumber Scenarios" data-provider="scenarios" finished-at="2022-05-27T17:14:17 IST">
          <params>
            <param index="0">
              <value>
                <![CDATA["User pays the bill with different data"]]>
              </value>
            </param>
            <param index="1">
              <value>
                <![CDATA["Bill Pay"]]>
              </value>
            </param>
          </params>
          <reporter-output>
          </reporter-output>
        </test-method> <!-- runScenario -->
        <test-method status="PASS" signature="runScenario(io.cucumber.testng.PickleWrapper,io.cucumber.testng.FeatureWrapper)[pri:0, instance:cucumberoptions.TestRunner@376b4233]" name="runScenario" duration-ms="11232" started-at="2022-05-27T17:14:17 IST" description="Runs Cucumber Scenarios" data-provider="scenarios" finished-at="2022-05-27T17:14:29 IST">
          <params>
            <param index="0">
              <value>
                <![CDATA["User creates a new Account"]]>
              </value>
            </param>
            <param index="1">
              <value>
                <![CDATA["Open New Account"]]>
              </value>
            </param>
          </params>
          <reporter-output>
          </reporter-output>
        </test-method> <!-- runScenario -->
        <test-method status="PASS" signature="runScenario(io.cucumber.testng.PickleWrapper,io.cucumber.testng.FeatureWrapper)[pri:0, instance:cucumberoptions.TestRunner@376b4233]" name="runScenario" duration-ms="11885" started-at="2022-05-27T17:14:29 IST" description="Runs Cucumber Scenarios" data-provider="scenarios" finished-at="2022-05-27T17:14:41 IST">
          <params>
            <param index="0">
              <value>
                <![CDATA["User creates a new Account"]]>
              </value>
            </param>
            <param index="1">
              <value>
                <![CDATA["Open New Account"]]>
              </value>
            </param>
          </params>
          <reporter-output>
          </reporter-output>
        </test-method> <!-- runScenario -->
        <test-method status="PASS" signature="runScenario(io.cucumber.testng.PickleWrapper,io.cucumber.testng.FeatureWrapper)[pri:0, instance:cucumberoptions.TestRunner@376b4233]" name="runScenario" duration-ms="22541" started-at="2022-05-27T17:14:41 IST" description="Runs Cucumber Scenarios" data-provider="scenarios" finished-at="2022-05-27T17:15:03 IST">
          <params>
            <param index="0">
              <value>
                <![CDATA["Verify that user is able to Find Transaction by Amount"]]>
              </value>
            </param>
            <param index="1">
              <value>
                <![CDATA["Find Transaction"]]>
              </value>
            </param>
          </params>
          <reporter-output>
          </reporter-output>
        </test-method> <!-- runScenario -->
        <test-method status="PASS" signature="runScenario(io.cucumber.testng.PickleWrapper,io.cucumber.testng.FeatureWrapper)[pri:0, instance:cucumberoptions.TestRunner@376b4233]" name="runScenario" duration-ms="6373" started-at="2022-05-27T17:15:03 IST" description="Runs Cucumber Scenarios" data-provider="scenarios" finished-at="2022-05-27T17:15:09 IST">
          <params>
            <param index="0">
              <value>
                <![CDATA["Valid Home page login"]]>
              </value>
            </param>
            <param index="1">
              <value>
                <![CDATA["Application Login"]]>
              </value>
            </param>
          </params>
          <reporter-output>
          </reporter-output>
        </test-method> <!-- runScenario -->
        <test-method status="FAIL" signature="runScenario(io.cucumber.testng.PickleWrapper,io.cucumber.testng.FeatureWrapper)[pri:0, instance:cucumberoptions.TestRunner@376b4233]" name="runScenario" duration-ms="11328" started-at="2022-05-27T17:15:09 IST" description="Runs Cucumber Scenarios" data-provider="scenarios" finished-at="2022-05-27T17:15:21 IST">
          <params>
            <param index="0">
              <value>
                <![CDATA["Verify that user is able to request loan"]]>
              </value>
            </param>
            <param index="1">
              <value>
                <![CDATA["Request Loan"]]>
              </value>
            </param>
          </params>
          <exception class="java.lang.AssertionError">
            <message>
              <![CDATA[expected [Loan Request Processed] but found [Apply for a Loan]]]>
            </message>
            <full-stacktrace>
              <![CDATA[java.lang.AssertionError: expected [Loan Request Processed] but found [Apply for a Loan]
at org.testng.Assert.fail(Assert.java:99)
at org.testng.Assert.failNotEquals(Assert.java:1037)
at org.testng.Assert.assertEqualsImpl(Assert.java:140)
at org.testng.Assert.assertEquals(Assert.java:122)
at org.testng.Assert.assertEquals(Assert.java:629)
at org.testng.Assert.assertEquals(Assert.java:639)
at stepdefinition.RequestLoan.verify_that_user_is_able_to_request_loan(RequestLoan.java:35)
at âœ½.Verify that user is able to request loan(file:///C:/Users/703316032/Eclipse/CucumberProject/resources/features/RequestLoan.feature:6)
]]>
            </full-stacktrace>
          </exception> <!-- java.lang.AssertionError -->
          <reporter-output>
          </reporter-output>
        </test-method> <!-- runScenario -->
        <test-method status="PASS" signature="runScenario(io.cucumber.testng.PickleWrapper,io.cucumber.testng.FeatureWrapper)[pri:0, instance:cucumberoptions.TestRunner@376b4233]" name="runScenario" duration-ms="24569" started-at="2022-05-27T17:15:21 IST" description="Runs Cucumber Scenarios" data-provider="scenarios" finished-at="2022-05-27T17:15:45 IST">
          <params>
            <param index="0">
              <value>
                <![CDATA["User should be able to transfer fund"]]>
              </value>
            </param>
            <param index="1">
              <value>
                <![CDATA["Transfer Fund"]]>
              </value>
            </param>
          </params>
          <reporter-output>
          </reporter-output>
        </test-method> <!-- runScenario -->
        <test-method status="PASS" signature="runScenario(io.cucumber.testng.PickleWrapper,io.cucumber.testng.FeatureWrapper)[pri:0, instance:cucumberoptions.TestRunner@376b4233]" name="runScenario" duration-ms="12908" started-at="2022-05-27T17:15:45 IST" description="Runs Cucumber Scenarios" data-provider="scenarios" finished-at="2022-05-27T17:15:58 IST">
          <params>
            <param index="0">
              <value>
                <![CDATA["Verify that user is able to change phone no"]]>
              </value>
            </param>
            <param index="1">
              <value>
                <![CDATA["Update Contact Info"]]>
              </value>
            </param>
          </params>
          <reporter-output>
          </reporter-output>
        </test-method> <!-- runScenario -->
        <test-method status="PASS" signature="tearDownClass()[pri:0, instance:cucumberoptions.TestRunner@376b4233]" name="tearDownClass" is-config="true" duration-ms="8" started-at="2022-05-27T17:15:58 IST" finished-at="2022-05-27T17:15:58 IST">
          <reporter-output>
          </reporter-output>
        </test-method> <!-- tearDownClass -->
      </class> <!-- cucumberoptions.TestRunner -->
    </test> <!-- Default test -->
  </suite> <!-- Default suite -->
</testng-results>
