<?xml version="1.0" encoding="UTF-8"?>
<!-- Generated by org.testng.reporters.JUnitReportReporter -->
<testsuite skipped="0" hostname="IXDM7J5B3" name="cucumberoptions.TestRunner" tests="9" failures="1" timestamp="2022-05-26T22:02:10 IST" time="99.724" errors="0">
  <testcase name="runScenario" time="6.170" classname="cucumberoptions.TestRunner"/>
  <system-out/>
  <testcase name="runScenario" time="10.676" classname="cucumberoptions.TestRunner"/>
  <system-out/>
  <testcase name="runScenario" time="10.795" classname="cucumberoptions.TestRunner"/>
  <system-out/>
  <testcase name="runScenario" time="14.227" classname="cucumberoptions.TestRunner"/>
  <system-out/>
  <testcase name="runScenario" time="12.080" classname="cucumberoptions.TestRunner"/>
  <system-out/>
  <testcase name="runScenario" time="10.985" classname="cucumberoptions.TestRunner"/>
  <system-out/>
  <testcase name="runScenario" time="11.970" classname="cucumberoptions.TestRunner"/>
  <system-out/>
  <testcase name="runScenario" time="13.152" classname="cucumberoptions.TestRunner">
    <failure type="java.lang.AssertionError" message="expected [-6961.07] but found [-6961.0703]">
      <![CDATA[java.lang.AssertionError: expected [-6961.07] but found [-6961.0703]
at org.testng.Assert.fail(Assert.java:99)
at org.testng.Assert.failNotEquals(Assert.java:1037)
at org.testng.Assert.assertEquals(Assert.java:774)
at org.testng.Assert.assertEquals(Assert.java:785)
at stepdefinition.StepDefinition.sum_matches_total(StepDefinition.java:155)
at âœ½.Verify the total matches the sum of balances(file:///C:/Users/703316032/Eclipse/CucumberProject/src/test/java/features/AccountOverview.feature:6)
]]>
    </failure>
  </testcase> <!-- runScenario -->
  <system-out/>
  <testcase name="runScenario" time="9.669" classname="cucumberoptions.TestRunner"/>
  <system-out/>
</testsuite> <!-- cucumberoptions.TestRunner -->
